app/build/outputs/logs/manifest-merger-debug-report.txt
-- Merging decision tree log ---
manifest
ADDED from src\main\AndroidManifest.xml:2:1-73:12
INJECTED from src\main\AndroidManifest.xml:2:1-73:12
INJECTED from src\main\AndroidManifest.xml:2:1-73:12
INJECTED from src\main\AndroidManifest.xml:2:1-73:12
MERGED from [com.android.support:design:28.0.0] AndroidManifest.xml:17:1-24:12
MERGED from [com.github.vipulasri:timelineview:1.0.3] AndroidManifest.xml:2:1-17:12
MERGED from [com.android.support:appcompat-v7:28.0.0] AndroidManifest.xml:17:1-22:12
MERGED from [com.android.support:support-v4:28.0.0] AndroidManifest.xml:17:1-22:12
MERGED from [com.android.support:recyclerview-v7:28.0.0] AndroidManifest.xml:17:1-22:12
MERGED from [com.jakewharton:butterknife:8.8.1] AndroidManifest.xml:2:1-7:12
MERGED from [com.android.support:support-fragment:28.0.0] AndroidManifest.xml:17:1-22:12
MERGED from [com.android.support:animated-vector-drawable:28.0.0] AndroidManifest.xml:17:1-22:12
MERGED from [com.android.support:support-core-ui:28.0.0] AndroidManifest.xml:17:1-22:12
MERGED from [com.android.support:support-core-utils:28.0.0] AndroidManifest.xml:17:1-22:12
MERGED from [com.android.support:support-vector-drawable:28.0.0] AndroidManifest.xml:17:1-22:12
MERGED from [com.android.support:transition:28.0.0] AndroidManifest.xml:17:1-22:12
MERGED from [com.android.support:support-media-compat:28.0.0] AndroidManifest.xml:17:1-22:12
MERGED from [com.android.support:loader:28.0.0] AndroidManifest.xml:17:1-22:12
MERGED from [com.android.support:viewpager:28.0.0] AndroidManifest.xml:17:1-22:12
MERGED from [com.android.support:coordinatorlayout:28.0.0] AndroidManifest.xml:17:1-22:12
MERGED from [com.android.support:drawerlayout:28.0.0] AndroidManifest.xml:17:1-22:12
MERGED from [com.android.support:slidingpanelayout:28.0.0] AndroidManifest.xml:17:1-22:12
MERGED from [com.android.support:customview:28.0.0] AndroidManifest.xml:17:1-22:12
MERGED from [com.android.support:swiperefreshlayout:28.0.0] AndroidManifest.xml:17:1-22:12
MERGED from [com.android.support:asynclayoutinflater:28.0.0] AndroidManifest.xml:17:1-22:12
MERGED from [com.android.support:support-compat:28.0.0] AndroidManifest.xml:17:1-24:12
MERGED from [devs.mulham.horizontalcalendar:horizontalcalendar:1.3.4] AndroidManifest.xml:2:1-14:12
MERGED from [com.android.support.constraint:constraint-layout:1.1.3] AndroidManifest.xml:2:1-11:12
MERGED from [com.android.support:cardview-v7:28.0.0] AndroidManifest.xml:17:1-22:12
MERGED from [com.github.PhilJay:MPAndroidChart:v3.1.0-alpha] AndroidManifest.xml:2:1-20:12
MERGED from [com.android.support:versionedparcelable:28.0.0] AndroidManifest.xml:17:1-25:12
MERGED from [com.android.support:cursoradapter:28.0.0] AndroidManifest.xml:17:1-22:12
MERGED from [android.arch.lifecycle:runtime:1.1.1] AndroidManifest.xml:17:1-22:12
MERGED from [com.android.support:documentfile:28.0.0] AndroidManifest.xml:17:1-22:12
MERGED from [com.android.support:localbroadcastmanager:28.0.0] AndroidManifest.xml:17:1-22:12
MERGED from [com.android.support:print:28.0.0] AndroidManifest.xml:17:1-22:12
MERGED from [android.arch.lifecycle:viewmodel:1.1.1] AndroidManifest.xml:17:1-22:12
MERGED from [android.arch.lifecycle:livedata:1.1.1] AndroidManifest.xml:17:1-22:12
MERGED from [android.arch.lifecycle:livedata-core:1.1.1] AndroidManifest.xml:17:1-22:12
MERGED from [android.arch.core:runtime:1.1.1] AndroidManifest.xml:17:1-22:12
MERGED from [com.android.support:interpolator:28.0.0] AndroidManifest.xml:17:1-22:12
INJECTED from src\main\AndroidManifest.xml:2:1-73:12
INJECTED from src\main\AndroidManifest.xml:2:1-73:12
INJECTED from src\main\AndroidManifest.xml:2:1-73:12
	package
		ADDED from src\main\AndroidManifest.xml:3:5-38
		INJECTED from src\main\AndroidManifest.xml
		INJECTED from src\main\AndroidManifest.xml
	android:versionName
		INJECTED from src\main\AndroidManifest.xml
		ADDED from src\main\AndroidManifest.xml:2:1-73:12
		INJECTED from src\main\AndroidManifest.xml
	android:versionCode
		INJECTED from src\main\AndroidManifest.xml
		ADDED from src\main\AndroidManifest.xml:2:1-73:12
		INJECTED from src\main\AndroidManifest.xml
	xmlns:android
		ADDED from src\main\AndroidManifest.xml:2:11-69
uses-permission#android.permission.INTERNET
ADDED from src\main\AndroidManifest.xml:4:5-66
	android:name
		ADDED from src\main\AndroidManifest.xml:4:22-64
uses-permission#android.permission.ACCESS_NETWORK_STATE
ADDED from src\main\AndroidManifest.xml:5:5-78
	android:name
		ADDED from src\main\AndroidManifest.xml:5:22-76
application
ADDED from src\main\AndroidManifest.xml:6:5-72:19
MERGED from [com.android.support:design:28.0.0] AndroidManifest.xml:22:5-20
MERGED from [com.android.support:design:28.0.0] AndroidManifest.xml:22:5-20
MERGED from [com.github.vipulasri:timelineview:1.0.3] AndroidManifest.xml:11:5-15:19
MERGED from [com.github.vipulasri:timelineview:1.0.3] AndroidManifest.xml:11:5-15:19
MERGED from [com.android.support:support-compat:28.0.0] AndroidManifest.xml:22:5-94
MERGED from [com.android.support:support-compat:28.0.0] AndroidManifest.xml:22:5-94
MERGED from [devs.mulham.horizontalcalendar:horizontalcalendar:1.3.4] AndroidManifest.xml:11:5-12:19
MERGED from [devs.mulham.horizontalcalendar:horizontalcalendar:1.3.4] AndroidManifest.xml:11:5-12:19
MERGED from [com.android.support.constraint:constraint-layout:1.1.3] AndroidManifest.xml:9:5-20
MERGED from [com.android.support.constraint:constraint-layout:1.1.3] AndroidManifest.xml:9:5-20
MERGED from [com.android.support:versionedparcelable:28.0.0] AndroidManifest.xml:22:5-23:19
MERGED from [com.android.support:versionedparcelable:28.0.0] AndroidManifest.xml:22:5-23:19
	android:appComponentFactory
		ADDED from [com.android.support:support-compat:28.0.0] AndroidManifest.xml:22:18-91
	android:supportsRtl
		ADDED from [com.github.vipulasri:timelineview:1.0.3] AndroidManifest.xml:14:9-35
	android:label
		ADDED from src\main\AndroidManifest.xml:9:9-41
	android:roundIcon
		ADDED from src\main\AndroidManifest.xml:10:9-54
	android:icon
		ADDED from src\main\AndroidManifest.xml:8:9-43
	android:allowBackup
		ADDED from src\main\AndroidManifest.xml:7:9-35
	android:theme
		ADDED from src\main\AndroidManifest.xml:11:9-40
	android:networkSecurityConfig
		ADDED from src\main\AndroidManifest.xml:12:9-60
activity#com.example.supplychain.Activity.SplashScreen
ADDED from src\main\AndroidManifest.xml:13:9-21:20
	android:screenOrientation
		ADDED from src\main\AndroidManifest.xml:15:13-49
	android:theme
		ADDED from src\main\AndroidManifest.xml:16:13-56
	android:name
		ADDED from src\main\AndroidManifest.xml:14:13-50
intent-filter#action:name:android.intent.action.MAIN+category:name:android.intent.category.LAUNCHER
ADDED from src\main\AndroidManifest.xml:17:13-20:29
action#android.intent.action.MAIN
ADDED from src\main\AndroidManifest.xml:18:17-69
	android:name
		ADDED from src\main\AndroidManifest.xml:18:25-66
category#android.intent.category.LAUNCHER
ADDED from src\main\AndroidManifest.xml:19:17-77
	android:name
		ADDED from src\main\AndroidManifest.xml:19:27-74
activity#com.example.supplychain.Activity.LoginActivity
ADDED from src\main\AndroidManifest.xml:22:9-26:20
	android:screenOrientation
		ADDED from src\main\AndroidManifest.xml:24:13-49
	android:theme
		ADDED from src\main\AndroidManifest.xml:25:13-56
	android:name
		ADDED from src\main\AndroidManifest.xml:23:13-51
activity#com.example.supplychain.Activity.LogisticsHome
ADDED from src\main\AndroidManifest.xml:27:9-32:20
	android:screenOrientation
		ADDED from src\main\AndroidManifest.xml:30:13-49
	android:label
		ADDED from src\main\AndroidManifest.xml:29:13-66
	android:theme
		ADDED from src\main\AndroidManifest.xml:31:13-56
	android:name
		ADDED from src\main\AndroidManifest.xml:28:13-51
activity#com.example.supplychain.Activity.TpwHome
ADDED from src\main\AndroidManifest.xml:33:9-38:20
	android:screenOrientation
		ADDED from src\main\AndroidManifest.xml:36:13-49
	android:label
		ADDED from src\main\AndroidManifest.xml:35:13-60
	android:theme
		ADDED from src\main\AndroidManifest.xml:37:13-56
	android:name
		ADDED from src\main\AndroidManifest.xml:34:13-45
activity#com.example.supplychain.Activity.LogisticsDeliver
ADDED from src\main\AndroidManifest.xml:39:9-44:20
	android:screenOrientation
		ADDED from src\main\AndroidManifest.xml:42:13-49
	android:label
		ADDED from src\main\AndroidManifest.xml:41:13-69
	android:theme
		ADDED from src\main\AndroidManifest.xml:43:13-56
	android:name
		ADDED from src\main\AndroidManifest.xml:40:13-54
activity#com.example.supplychain.Activity.LogisticsPickup
ADDED from src\main\AndroidManifest.xml:45:9-50:20
	android:screenOrientation
		ADDED from src\main\AndroidManifest.xml:48:13-49
	android:label
		ADDED from src\main\AndroidManifest.xml:47:13-68
	android:theme
		ADDED from src\main\AndroidManifest.xml:49:13-56
	android:name
		ADDED from src\main\AndroidManifest.xml:46:13-53
activity#com.example.supplychain.Activity.PackagingDetails
ADDED from src\main\AndroidManifest.xml:51:9-55:59
	android:screenOrientation
		ADDED from src\main\AndroidManifest.xml:54:13-49
	android:label
		ADDED from src\main\AndroidManifest.xml:53:13-44
	android:theme
		ADDED from src\main\AndroidManifest.xml:55:13-56
	android:name
		ADDED from src\main\AndroidManifest.xml:52:13-54
activity#com.example.supplychain.Activity.ShipmentTrack
ADDED from src\main\AndroidManifest.xml:56:9-59:58
	android:label
		ADDED from src\main\AndroidManifest.xml:58:13-66
	android:theme
		ADDED from src\main\AndroidManifest.xml:59:13-56
	android:name
		ADDED from src\main\AndroidManifest.xml:57:13-51
activity#com.example.supplychain.Activity.DealerDash
ADDED from src\main\AndroidManifest.xml:60:9-63:54
	android:label
		ADDED from src\main\AndroidManifest.xml:62:13-63
	android:theme
		ADDED from src\main\AndroidManifest.xml:63:13-51
	android:name
		ADDED from src\main\AndroidManifest.xml:61:13-48
activity#com.example.supplychain.Activity.ShipmentDetails
ADDED from src\main\AndroidManifest.xml:64:9-67:59
	android:screenOrientation
		ADDED from src\main\AndroidManifest.xml:66:13-49
	android:theme
		ADDED from src\main\AndroidManifest.xml:67:13-56
	android:name
		ADDED from src\main\AndroidManifest.xml:65:13-53
activity#com.example.supplychain.Activity.AwbTrack
ADDED from src\main\AndroidManifest.xml:68:9-71:59
	android:screenOrientation
		ADDED from src\main\AndroidManifest.xml:70:13-49
	android:theme
		ADDED from src\main\AndroidManifest.xml:71:13-56
	android:name
		ADDED from src\main\AndroidManifest.xml:69:13-46
uses-sdk
INJECTED from src\main\AndroidManifest.xml reason: use-sdk injection requested
INJECTED from src\main\AndroidManifest.xml
INJECTED from src\main\AndroidManifest.xml
MERGED from [com.android.support:design:28.0.0] AndroidManifest.xml:20:5-44
MERGED from [com.android.support:design:28.0.0] AndroidManifest.xml:20:5-44
MERGED from [com.github.vipulasri:timelineview:1.0.3] AndroidManifest.xml:7:5-9:41
MERGED from [com.github.vipulasri:timelineview:1.0.3] AndroidManifest.xml:7:5-9:41
MERGED from [com.android.support:appcompat-v7:28.0.0] AndroidManifest.xml:20:5-44
MERGED from [com.android.support:appcompat-v7:28.0.0] AndroidManifest.xml:20:5-44
MERGED from [com.android.support:support-v4:28.0.0] AndroidManifest.xml:20:5-44
MERGED from [com.android.support:support-v4:28.0.0] AndroidManifest.xml:20:5-44
MERGED from [com.android.support:recyclerview-v7:28.0.0] AndroidManifest.xml:20:5-44
MERGED from [com.android.support:recyclerview-v7:28.0.0] AndroidManifest.xml:20:5-44
MERGED from [com.jakewharton:butterknife:8.8.1] AndroidManifest.xml:5:5-43
MERGED from [com.jakewharton:butterknife:8.8.1] AndroidManifest.xml:5:5-43
MERGED from [com.android.support:support-fragment:28.0.0] AndroidManifest.xml:20:5-44
MERGED from [com.android.support:support-fragment:28.0.0] AndroidManifest.xml:20:5-44
MERGED from [com.android.support:animated-vector-drawable:28.0.0] AndroidManifest.xml:20:5-44
MERGED from [com.android.support:animated-vector-drawable:28.0.0] AndroidManifest.xml:20:5-44
MERGED from [com.android.support:support-core-ui:28.0.0] AndroidManifest.xml:20:5-44
MERGED from [com.android.support:support-core-ui:28.0.0] AndroidManifest.xml:20:5-44
MERGED from [com.android.support:support-core-utils:28.0.0] AndroidManifest.xml:20:5-44
MERGED from [com.android.support:support-core-utils:28.0.0] AndroidManifest.xml:20:5-44
MERGED from [com.android.support:support-vector-drawable:28.0.0] AndroidManifest.xml:20:5-44
MERGED from [com.android.support:support-vector-drawable:28.0.0] AndroidManifest.xml:20:5-44
MERGED from [com.android.support:transition:28.0.0] AndroidManifest.xml:20:5-44
MERGED from [com.android.support:transition:28.0.0] AndroidManifest.xml:20:5-44
MERGED from [com.android.support:support-media-compat:28.0.0] AndroidManifest.xml:20:5-44
MERGED from [com.android.support:support-media-compat:28.0.0] AndroidManifest.xml:20:5-44
MERGED from [com.android.support:loader:28.0.0] AndroidManifest.xml:20:5-44
MERGED from [com.android.support:loader:28.0.0] AndroidManifest.xml:20:5-44
MERGED from [com.android.support:viewpager:28.0.0] AndroidManifest.xml:20:5-44
MERGED from [com.android.support:viewpager:28.0.0] AndroidManifest.xml:20:5-44
MERGED from [com.android.support:coordinatorlayout:28.0.0] AndroidManifest.xml:20:5-44
MERGED from [com.android.support:coordinatorlayout:28.0.0] AndroidManifest.xml:20:5-44
MERGED from [com.android.support:drawerlayout:28.0.0] AndroidManifest.xml:20:5-44
MERGED from [com.android.support:drawerlayout:28.0.0] AndroidManifest.xml:20:5-44
MERGED from [com.android.support:slidingpanelayout:28.0.0] AndroidManifest.xml:20:5-44
MERGED from [com.android.support:slidingpanelayout:28.0.0] AndroidManifest.xml:20:5-44
MERGED from [com.android.support:customview:28.0.0] AndroidManifest.xml:20:5-44
MERGED from [com.android.support:customview:28.0.0] AndroidManifest.xml:20:5-44
MERGED from [com.android.support:swiperefreshlayout:28.0.0] AndroidManifest.xml:20:5-44
MERGED from [com.android.support:swiperefreshlayout:28.0.0] AndroidManifest.xml:20:5-44
MERGED from [com.android.support:asynclayoutinflater:28.0.0] AndroidManifest.xml:20:5-44
MERGED from [com.android.support:asynclayoutinflater:28.0.0] AndroidManifest.xml:20:5-44
MERGED from [com.android.support:support-compat:28.0.0] AndroidManifest.xml:20:5-44
MERGED from [com.android.support:support-compat:28.0.0] AndroidManifest.xml:20:5-44
MERGED from [devs.mulham.horizontalcalendar:horizontalcalendar:1.3.4] AndroidManifest.xml:7:5-9:41
MERGED from [devs.mulham.horizontalcalendar:horizontalcalendar:1.3.4] AndroidManifest.xml:7:5-9:41
MERGED from [com.android.support.constraint:constraint-layout:1.1.3] AndroidManifest.xml:5:5-7:41
MERGED from [com.android.support.constraint:constraint-layout:1.1.3] AndroidManifest.xml:5:5-7:41
MERGED from [com.android.support:cardview-v7:28.0.0] AndroidManifest.xml:20:5-44
MERGED from [com.android.support:cardview-v7:28.0.0] AndroidManifest.xml:20:5-44
MERGED from [com.github.PhilJay:MPAndroidChart:v3.1.0-alpha] AndroidManifest.xml:16:5-18:41
MERGED from [com.github.PhilJay:MPAndroidChart:v3.1.0-alpha] AndroidManifest.xml:16:5-18:41
MERGED from [com.android.support:versionedparcelable:28.0.0] AndroidManifest.xml:20:5-44
MERGED from [com.android.support:versionedparcelable:28.0.0] AndroidManifest.xml:20:5-44
MERGED from [com.android.support:cursoradapter:28.0.0] AndroidManifest.xml:20:5-44
MERGED from [com.android.support:cursoradapter:28.0.0] AndroidManifest.xml:20:5-44
MERGED from [android.arch.lifecycle:runtime:1.1.1] AndroidManifest.xml:20:5-44
MERGED from [android.arch.lifecycle:runtime:1.1.1] AndroidManifest.xml:20:5-44
MERGED from [com.android.support:documentfile:28.0.0] AndroidManifest.xml:20:5-44
MERGED from [com.android.support:documentfile:28.0.0] AndroidManifest.xml:20:5-44
MERGED from [com.android.support:localbroadcastmanager:28.0.0] AndroidManifest.xml:20:5-44
MERGED from [com.android.support:localbroadcastmanager:28.0.0] AndroidManifest.xml:20:5-44
MERGED from [com.android.support:print:28.0.0] AndroidManifest.xml:20:5-44
MERGED from [com.android.support:print:28.0.0] AndroidManifest.xml:20:5-44
MERGED from [android.arch.lifecycle:viewmodel:1.1.1] AndroidManifest.xml:20:5-44
MERGED from [android.arch.lifecycle:viewmodel:1.1.1] AndroidManifest.xml:20:5-44
MERGED from [android.arch.lifecycle:livedata:1.1.1] AndroidManifest.xml:20:5-44
MERGED from [android.arch.lifecycle:livedata:1.1.1] AndroidManifest.xml:20:5-44
MERGED from [android.arch.lifecycle:livedata-core:1.1.1] AndroidManifest.xml:20:5-44
MERGED from [android.arch.lifecycle:livedata-core:1.1.1] AndroidManifest.xml:20:5-44
MERGED from [android.arch.core:runtime:1.1.1] AndroidManifest.xml:20:5-44
MERGED from [android.arch.core:runtime:1.1.1] AndroidManifest.xml:20:5-44
MERGED from [com.android.support:interpolator:28.0.0] AndroidManifest.xml:20:5-44
MERGED from [com.android.support:interpolator:28.0.0] AndroidManifest.xml:20:5-44
INJECTED from src\main\AndroidManifest.xml
INJECTED from src\main\AndroidManifest.xml
	android:targetSdkVersion
		INJECTED from src\main\AndroidManifest.xml
		ADDED from src\main\AndroidManifest.xml
		INJECTED from src\main\AndroidManifest.xml
	android:minSdkVersion
		INJECTED from src\main\AndroidManifest.xml
		ADDED from src\main\AndroidManifest.xml
		INJECTED from src\main\AndroidManifest.xml